Arguments: 
  /home/msoulanille/emsdk/node/12.18.1_64bit/bin/node /home/msoulanille/.nvm/versions/node/v14.13.1/bin/yarn install

PATH: 
  /home/msoulanille/emsdk:/home/msoulanille/emsdk/upstream/emscripten:/home/msoulanille/emsdk/node/12.18.1_64bit/bin:/home/msoulanille/.nvm/versions/node/v14.13.1/bin:/home/msoulanille/.npm_packages/bin:/home/msoulanille/.local/bin:/home/msoulanille/bin:/usr/local/sbin:/usr/local/bin:/usr/sbin:/usr/bin:/sbin:/bin:/home/msoulanille/STMicroelectronics/STM32Cube/STM32CubeProgrammer/bin:/home/msoulanille/tools/depot_tools:~/.yarn/bin/

Yarn version: 
  1.22.10

Node version: 
  12.18.1

Platform: 
  linux x64

Trace: 
  Error: http://localhost:4873/@tests%2fbar: no such package available
      at Request.params.callback [as _callback] (/home/msoulanille/.nvm/versions/node/v14.13.1/lib/node_modules/yarn/lib/cli.js:66988:18)
      at Request.self.callback (/home/msoulanille/.nvm/versions/node/v14.13.1/lib/node_modules/yarn/lib/cli.js:140662:22)
      at Request.emit (events.js:315:20)
      at Request.<anonymous> (/home/msoulanille/.nvm/versions/node/v14.13.1/lib/node_modules/yarn/lib/cli.js:141634:10)
      at Request.emit (events.js:315:20)
      at IncomingMessage.<anonymous> (/home/msoulanille/.nvm/versions/node/v14.13.1/lib/node_modules/yarn/lib/cli.js:141556:12)
      at Object.onceWrapper (events.js:421:28)
      at IncomingMessage.emit (events.js:327:22)
      at endReadableNT (_stream_readable.js:1221:12)
      at processTicksAndRejections (internal/process/task_queues.js:84:21)

npm manifest: 
  {
    "name": "no-bazel-package",
    "version": "1.0.0",
    "main": "index.js",
    "license": "Apache-2.0",
    "devDependencies": {
      "typescript": "^4.1.3"
    },
    "dependencies": {
      "@tests/bar": "^1.0.0"
    }
  }

yarn manifest: 
  No manifest

Lockfile: 
  No lockfile
